{"name": "test1", "status": "failed", "statusDetails": {"message": "AssertionError: assert 1 == 2\n +  where 2 = choice([1, 2])\n +    where choice = random.choice", "trace": "@mark.smoke\n    @mark.flaky(reruns=1)\n    def test1():\n        print(\"hello\")\n>       assert 1 == random.choice([1, 2])\nE       assert 1 == 2\nE        +  where 2 = choice([1, 2])\nE        +    where choice = random.choice\n\ntests\\test_fake.py:8: AssertionError"}, "start": 1760549862744, "stop": 1760549862744, "uuid": "32e8cab6-72e7-437f-b1c3-306aea4883f9", "historyId": "62dbaab4e6e0f1def075e3c74363bfec", "testCaseId": "62dbaab4e6e0f1def075e3c74363bfec", "fullName": "tests.test_fake#test1", "labels": [{"name": "tag", "value": "smoke"}, {"name": "parentSuite", "value": "tests"}, {"name": "suite", "value": "test_fake"}, {"name": "host", "value": "OGPC214"}, {"name": "thread", "value": "11684-MainThread"}, {"name": "framework", "value": "pytest"}, {"name": "language", "value": "cpython3"}, {"name": "package", "value": "tests.test_fake"}], "titlePath": ["tests", "test_fake.py"]}